Starting to test ... 
... OK!
        (m*m)T*(m*m)   2   2   2     0.06     0.02
        (m*m)T*(m*m)   4   4   4     0.13     0.11
        (m*m)T*(m*m)   6   6   6     0.14     0.29
        (m*m)T*(m*m)   8   8   8     0.17     0.60
        (m*m)T*(m*m)  10  10  10     0.17     0.81
        (m*m)T*(m*m)  12  12  12     0.18     1.14
        (m*m)T*(m*m)  14  14  14     0.18     1.26
        (m*m)T*(m*m)  16  16  16     0.19     1.61
        (m*m)T*(m*m)  18  18  18     0.25     1.65
        (m*m)T*(m*m)  20  20  20     0.29     1.91
        (m*m)T*(m*m)  22  22  22     0.29     1.90
        (m*m)T*(m*m)  24  24  24     0.30     2.16
        (m*m)T*(m*m)  26  26  26     0.32     2.13
        (m*m)T*(m*m)  28  28  28     0.34     2.32
        (m*m)T*(m*m)  30  30  30     0.35     2.05
        (m*m)T*(m*m)  32  32  32     0.35     2.29
        (m*m)T*(m*m)  34  34  34     0.37     2.24
        (m*m)T*(m*m)  36  36  36     0.40     2.46
        (m*m)T*(m*m)  38  38  38     0.36     2.20
        (m*m)T*(m*m)  40  40  40     0.36     2.39
        (m*m)T*(m*m)  42  42  42     0.37     2.20
        (m*m)T*(m*m)  44  44  44     0.40     2.38
        (m*m)T*(m*m)  46  46  46     0.39     2.30
        (m*m)T*(m*m)  48  48  48     0.38     2.40
        (m*m)T*(m*m)  50  50  50     0.40     2.28
        (m*m)T*(m*m)  52  52  52     0.41     2.38
        (m*m)T*(m*m)  54  54  54     0.41     2.25
        (m*m)T*(m*m)  56  56  56     0.39     2.42
        (m*m)T*(m*m)  58  58  58     0.38     2.21
      (m*m,m)T*(m*m)   4   2   2     0.07     0.03
      (m*m,m)T*(m*m)  16   4   4     0.14     0.32
      (m*m,m)T*(m*m)  36   6   6     0.15     0.73
      (m*m,m)T*(m*m)  64   8   8     0.17     1.37
      (m*m,m)T*(m*m) 100  10  10     0.17     1.52
      (m*m,m)T*(m*m) 144  12  12     0.18     1.65
      (m*m,m)T*(m*m) 196  14  14     0.16     1.54
      (m*m,m)T*(m*m) 256  16  16     0.17     1.98
      (m*m,m)T*(m*m) 324  18  18     0.22     1.85
      (m*m,m)T*(m*m) 400  20  20     0.26     2.15
      (m*m,m)T*(m*m) 484  22  22     0.26     1.98
      (m*m,m)T*(m*m) 576  24  24     0.27     2.29
      (m*m,m)T*(m*m) 676  26  26     0.28     2.15
      (m*m,m)T*(m*m) 784  28  28     0.32     2.36
      (m*m,m)T*(m*m) 900  30  30     0.32     2.28
         tran(m,m,m)   4   2   2     0.07     0.03
         tran(m,m,m)  16   4   4     0.14     0.32
         tran(m,m,m)  36   6   6     0.15     0.73
         tran(m,m,m)  64   8   8     0.17     1.38
         tran(m,m,m) 100  10  10     0.17     1.52
         tran(m,m,m) 144  12  12     0.18     1.67
         tran(m,m,m) 196  14  14     0.17     1.55
         tran(m,m,m) 256  16  16     0.17     1.95
         tran(m,m,m) 324  18  18     0.22     1.85
         tran(m,m,m) 400  20  20     0.26     2.13
         tran(m,m,m) 484  22  22     0.26     1.97
         tran(m,m,m) 576  24  24     0.27     2.28
         tran(m,m,m) 676  26  26     0.28     2.15
         tran(m,m,m) 784  28  28     0.32     2.36
         tran(m,m,m) 900  30  30     0.32     2.27
  (20*20,20)T*(20,m) 400   2  20     0.10     0.62
  (20*20,20)T*(20,m) 400   4  20     0.13     1.09
  (20*20,20)T*(20,m) 400   6  20     0.13     1.21
  (20*20,20)T*(20,m) 400   8  20     0.15     1.72
  (20*20,20)T*(20,m) 400  10  20     0.16     1.73
  (20*20,20)T*(20,m) 400  12  20     0.16     1.90
  (20*20,20)T*(20,m) 400  14  20     0.17     1.88
  (20*20,20)T*(20,m) 400  16  20     0.17     2.12
  (20*20,20)T*(20,m) 400  18  20     0.22     2.06
  (20*20,20)T*(20,m) 400  20  20     0.26     2.15
