\BOOKMARK [0][-]{chapter.1}{Energy}{}
\BOOKMARK [0][-]{chapter.2}{Optimize}{}
\BOOKMARK [0][-]{chapter.3}{Response}{}
\BOOKMARK [0][-]{chapter.4}{Frequency}{}
\BOOKMARK [0][-]{chapter.5}{Counterpoise Correct}{}
\BOOKMARK [0][-]{chapter.6}{Database}{}
\BOOKMARK [1][-]{section.6.1}{Output}{chapter.6}
\BOOKMARK [0][-]{chapter.7}{Complete Basis Set}{}
\BOOKMARK [1][-]{section.7.1}{Output}{chapter.7}
\BOOKMARK [1][-]{section.7.2}{Extrapolation Schemes}{chapter.7}
\BOOKMARK [0][-]{chapter.8}{Fractional Occupation}{}
\BOOKMARK [0][-]{chapter.9}{Beginner Psithon Programming}{}
\BOOKMARK [1][-]{section.9.1}{Defining a Method Alias}{chapter.9}
\BOOKMARK [1][-]{section.9.2}{Creating a New Database}{chapter.9}
\BOOKMARK [0][-]{chapter.10}{Function Intercalls}{}
\BOOKMARK [0][-]{chapter.11}{Embarrassing Parallelism}{}
\BOOKMARK [0][-]{chapter.12}{Psithon Programming Best Practices}{}
\BOOKMARK [0][-]{chapter.13}{PsiMod Methods}{}
\BOOKMARK [0][-]{chapter.14}{Molecule Methods}{}
\BOOKMARK [0][-]{chapter.15}{Expert}{}
\BOOKMARK [0][-]{chapter.16}{Indices and Tables}{}
\BOOKMARK [0][-]{section*.176}{Python Module Index}{}
\BOOKMARK [0][-]{section*.177}{Index}{}
